Determining if the function crc32c_value exists in the crc32c failed with the following output:
Change Dir: /Users/kutori/leveldb/cmake-build-debug/CMakeFiles/CMakeTmp

Run Build Command(s):/usr/bin/make cmTC_72467/fast && /Library/Developer/CommandLineTools/usr/bin/make  -f CMakeFiles/cmTC_72467.dir/build.make CMakeFiles/cmTC_72467.dir/build
Building C object CMakeFiles/cmTC_72467.dir/CheckFunctionExists.c.o
/Library/Developer/CommandLineTools/usr/bin/cc   -DCHECK_FUNCTION_EXISTS=crc32c_value -isysroot /Library/Developer/CommandLineTools/SDKs/MacOSX10.14.sdk   -std=c11 -o CMakeFiles/cmTC_72467.dir/CheckFunctionExists.c.o   -c /Applications/CLion.app/Contents/bin/cmake/mac/share/cmake-3.17/Modules/CheckFunctionExists.c
Linking C executable cmTC_72467
/Applications/CLion.app/Contents/bin/cmake/mac/bin/cmake -E cmake_link_script CMakeFiles/cmTC_72467.dir/link.txt --verbose=1
/Library/Developer/CommandLineTools/usr/bin/cc  -DCHECK_FUNCTION_EXISTS=crc32c_value -isysroot /Library/Developer/CommandLineTools/SDKs/MacOSX10.14.sdk -Wl,-search_paths_first -Wl,-headerpad_max_install_names   CMakeFiles/cmTC_72467.dir/CheckFunctionExists.c.o  -o cmTC_72467  -lcrc32c 
ld: library not found for -lcrc32c
clang: error: linker command failed with exit code 1 (use -v to see invocation)
make[1]: *** [cmTC_72467] Error 1
make: *** [cmTC_72467/fast] Error 2



Determining if the function snappy_compress exists in the snappy failed with the following output:
Change Dir: /Users/kutori/leveldb/cmake-build-debug/CMakeFiles/CMakeTmp

Run Build Command(s):/usr/bin/make cmTC_9943d/fast && /Library/Developer/CommandLineTools/usr/bin/make  -f CMakeFiles/cmTC_9943d.dir/build.make CMakeFiles/cmTC_9943d.dir/build
Building C object CMakeFiles/cmTC_9943d.dir/CheckFunctionExists.c.o
/Library/Developer/CommandLineTools/usr/bin/cc   -DCHECK_FUNCTION_EXISTS=snappy_compress -isysroot /Library/Developer/CommandLineTools/SDKs/MacOSX10.14.sdk   -std=c11 -o CMakeFiles/cmTC_9943d.dir/CheckFunctionExists.c.o   -c /Applications/CLion.app/Contents/bin/cmake/mac/share/cmake-3.17/Modules/CheckFunctionExists.c
Linking C executable cmTC_9943d
/Applications/CLion.app/Contents/bin/cmake/mac/bin/cmake -E cmake_link_script CMakeFiles/cmTC_9943d.dir/link.txt --verbose=1
/Library/Developer/CommandLineTools/usr/bin/cc  -DCHECK_FUNCTION_EXISTS=snappy_compress -isysroot /Library/Developer/CommandLineTools/SDKs/MacOSX10.14.sdk -Wl,-search_paths_first -Wl,-headerpad_max_install_names   CMakeFiles/cmTC_9943d.dir/CheckFunctionExists.c.o  -o cmTC_9943d  -lsnappy 
ld: library not found for -lsnappy
clang: error: linker command failed with exit code 1 (use -v to see invocation)
make[1]: *** [cmTC_9943d] Error 1
make: *** [cmTC_9943d/fast] Error 2



Determining if the function malloc exists in the tcmalloc failed with the following output:
Change Dir: /Users/kutori/leveldb/cmake-build-debug/CMakeFiles/CMakeTmp

Run Build Command(s):/usr/bin/make cmTC_db619/fast && /Library/Developer/CommandLineTools/usr/bin/make  -f CMakeFiles/cmTC_db619.dir/build.make CMakeFiles/cmTC_db619.dir/build
Building C object CMakeFiles/cmTC_db619.dir/CheckFunctionExists.c.o
/Library/Developer/CommandLineTools/usr/bin/cc   -DCHECK_FUNCTION_EXISTS=malloc -isysroot /Library/Developer/CommandLineTools/SDKs/MacOSX10.14.sdk   -std=c11 -o CMakeFiles/cmTC_db619.dir/CheckFunctionExists.c.o   -c /Applications/CLion.app/Contents/bin/cmake/mac/share/cmake-3.17/Modules/CheckFunctionExists.c
/Applications/CLion.app/Contents/bin/cmake/mac/share/cmake-3.17/Modules/CheckFunctionExists.c:7:3: warning: incompatible redeclaration of library function 'malloc' [-Wincompatible-library-redeclaration]
  CHECK_FUNCTION_EXISTS(void);
  ^
<command line>:1:31: note: expanded from here
#define CHECK_FUNCTION_EXISTS malloc
                              ^
/Applications/CLion.app/Contents/bin/cmake/mac/share/cmake-3.17/Modules/CheckFunctionExists.c:7:3: note: 'malloc' is a builtin with type 'void *(unsigned long)'
<command line>:1:31: note: expanded from here
#define CHECK_FUNCTION_EXISTS malloc
                              ^
1 warning generated.
Linking C executable cmTC_db619
/Applications/CLion.app/Contents/bin/cmake/mac/bin/cmake -E cmake_link_script CMakeFiles/cmTC_db619.dir/link.txt --verbose=1
/Library/Developer/CommandLineTools/usr/bin/cc  -DCHECK_FUNCTION_EXISTS=malloc -isysroot /Library/Developer/CommandLineTools/SDKs/MacOSX10.14.sdk -Wl,-search_paths_first -Wl,-headerpad_max_install_names   CMakeFiles/cmTC_db619.dir/CheckFunctionExists.c.o  -o cmTC_db619  -ltcmalloc 
ld: library not found for -ltcmalloc
clang: error: linker command failed with exit code 1 (use -v to see invocation)
make[1]: *** [cmTC_db619] Error 1
make: *** [cmTC_db619/fast] Error 2



Determining if the fdatasync exist failed with the following output:
Change Dir: /Users/kutori/leveldb/cmake-build-debug/CMakeFiles/CMakeTmp

Run Build Command(s):/usr/bin/make cmTC_b37e9/fast && /Library/Developer/CommandLineTools/usr/bin/make  -f CMakeFiles/cmTC_b37e9.dir/build.make CMakeFiles/cmTC_b37e9.dir/build
Building CXX object CMakeFiles/cmTC_b37e9.dir/CheckSymbolExists.cxx.o
/Library/Developer/CommandLineTools/usr/bin/c++    -isysroot /Library/Developer/CommandLineTools/SDKs/MacOSX10.14.sdk   -std=c++11 -o CMakeFiles/cmTC_b37e9.dir/CheckSymbolExists.cxx.o -c /Users/kutori/leveldb/cmake-build-debug/CMakeFiles/CMakeTmp/CheckSymbolExists.cxx
/Users/kutori/leveldb/cmake-build-debug/CMakeFiles/CMakeTmp/CheckSymbolExists.cxx:8:19: error: use of undeclared identifier 'fdatasync'
  return ((int*)(&fdatasync))[argc];
                  ^
1 error generated.
make[1]: *** [CMakeFiles/cmTC_b37e9.dir/CheckSymbolExists.cxx.o] Error 1
make: *** [cmTC_b37e9/fast] Error 2


File /Users/kutori/leveldb/cmake-build-debug/CMakeFiles/CMakeTmp/CheckSymbolExists.cxx:
/* */
#include <unistd.h>

int main(int argc, char** argv)
{
  (void)argv;
#ifndef fdatasync
  return ((int*)(&fdatasync))[argc];
#else
  (void)argc;
  return 0;
#endif
}
Performing C++ SOURCE FILE Test HAVE_KYOTOCABINET failed with the following output:
Change Dir: /Users/kutori/leveldb/cmake-build-debug/CMakeFiles/CMakeTmp

Run Build Command(s):/usr/bin/make cmTC_2c7e0/fast && /Library/Developer/CommandLineTools/usr/bin/make  -f CMakeFiles/cmTC_2c7e0.dir/build.make CMakeFiles/cmTC_2c7e0.dir/build
Building CXX object CMakeFiles/cmTC_2c7e0.dir/src.cxx.o
/Library/Developer/CommandLineTools/usr/bin/c++    -DHAVE_KYOTOCABINET -isysroot /Library/Developer/CommandLineTools/SDKs/MacOSX10.14.sdk   -std=c++11 -o CMakeFiles/cmTC_2c7e0.dir/src.cxx.o -c /Users/kutori/leveldb/cmake-build-debug/CMakeFiles/CMakeTmp/src.cxx
/Users/kutori/leveldb/cmake-build-debug/CMakeFiles/CMakeTmp/src.cxx:2:10: fatal error: 'kcpolydb.h' file not found
#include <kcpolydb.h>
         ^~~~~~~~~~~~
1 error generated.
make[1]: *** [CMakeFiles/cmTC_2c7e0.dir/src.cxx.o] Error 1
make: *** [cmTC_2c7e0/fast] Error 2


Source file was:

#include <kcpolydb.h>

int main() {
  kyotocabinet::TreeDB* db = new kyotocabinet::TreeDB();
  delete db;
  return 0;
}
  
